08:30 - info - Запуск приложения
08:30 - info - Запрошена загрузка 5 призов 'Машинка' с вероятностью 15%
08:30 - info - Запрошена загрузка 10 призов 'Самолётик' с вероятностью 115%
08:30 - warning - Запрошенная вероятность '115' превышает допустимую, вероятность выставлена в 30%
08:30 - info - Запрошена загрузка 3 призов 'Кукла' с вероятностью 20%
10:30 - info - Запрошен розыгрыш
10:30 - info - Результат розыгрыша 'ничего'
10:30 - info - Запрошена выдача приза, нет призов в очереди на раздачу, ничего не выдано
11:05 - info - Запрошен розыгрыш
11:05 - info - Результат розыгрыша 'Кукла', добавлен в очередь на выдачу
11:51 - info - Запрошен розыгрыш
11:51 - info - Результат розыгрыша 'ничего'
11:57 - info - Запрошен розыгрыш
11:57 - info - Результат розыгрыша 'ничего'
12:38 - info - Запрошен розыгрыш
12:38 - info - Результат розыгрыша 'ничего'
12:38 - info - Выдан приз 'Кукла'
12:38 - info - Запрошена выдача приза, нет призов в очереди на раздачу, ничего не выдано
12:54 - info - Запрошен розыгрыш
12:54 - info - Результат розыгрыша 'ничего'
13:18 - info - Запрошен розыгрыш
13:18 - info - Результат розыгрыша 'Самолётик', добавлен в очередь на выдачу
13:18 - info - Выдан приз 'Самолётик'
13:18 - info - Запрошена выдача приза, нет призов в очереди на раздачу, ничего не выдано
13:37 - info - Запрошен розыгрыш
13:37 - info - Результат розыгрыша 'ничего'
14:01 - info - Запрошен розыгрыш
14:01 - info - Результат розыгрыша 'Кукла', добавлен в очередь на выдачу
14:01 - info - Выдан приз 'Кукла'
14:01 - info - Запрошена выдача приза, нет призов в очереди на раздачу, ничего не выдано
14:06 - info - Завершение работы
08:30 - info - Запуск приложения
08:30 - info - Запрошена загрузка 5 призов 'Машинка' с вероятностью 15%
08:30 - info - Запрошена загрузка 10 призов 'Самолётик' с вероятностью 115%
08:30 - warning - Запрошенная вероятность '115' превышает допустимую, вероятность выставлена в 30%
08:30 - info - Запрошена загрузка 3 призов 'Кукла' с вероятностью 20%
10:30 - info - Запрошен розыгрыш
10:30 - info - Результат розыгрыша 'Кукла', добавлен в очередь на выдачу
10:38 - info - Запрошен розыгрыш
10:38 - info - Результат розыгрыша 'ничего'
10:38 - info - Выдан приз 'Кукла'
10:38 - info - Запрошена выдача приза, нет призов в очереди на раздачу, ничего не выдано
11:21 - info - Запрошен розыгрыш
11:21 - info - Результат розыгрыша 'Самолётик', добавлен в очередь на выдачу
11:21 - info - Выдан приз 'Самолётик'
11:21 - info - Запрошена выдача приза, нет призов в очереди на раздачу, ничего не выдано
12:06 - info - Запрошен розыгрыш
12:06 - info - Результат розыгрыша 'ничего'
12:06 - info - Запрошена выдача приза, нет призов в очереди на раздачу, ничего не выдано
12:24 - info - Запрошен розыгрыш
12:24 - info - Результат розыгрыша 'Кукла', добавлен в очередь на выдачу
13:14 - info - Запрошен розыгрыш
13:14 - info - Результат розыгрыша 'Самолётик', добавлен в очередь на выдачу
13:14 - info - Выдан приз 'Кукла'
13:14 - info - Выдан приз 'Самолётик'
13:14 - info - Запрошена выдача приза, нет призов в очереди на раздачу, ничего не выдано
13:35 - info - Завершение работы
